[2022-03-21T11:09:46.558288+00:00] lbs.log.ERROR: POST http://api.events.local:19080/ : bad method - GET wanted [] []
[2022-03-21T12:27:47.012167+00:00] lbs.log.ERROR: POST http://api.events.local:19080/events/ : bad method - GET wanted [] []
[2022-03-21T12:35:28.446683+00:00] lbs.log.ERROR: error ["null must be a string","null must not be empty"] []
[2022-03-21T12:51:15.263030+00:00] lbs.log.ERROR: error ["\"soirée monopoly chez alice\" must contain only letters (a-z) and digits (0-9)"] []
[2022-03-21T12:51:28.832291+00:00] lbs.log.ERROR: error ["\"soirée monopoly chez alice\" must contain only letters (a-z) and digits (0-9)"] []
[2022-03-21T12:52:06.445412+00:00] lbs.log.ERROR: error ["\"2Ter Bd Charlemagne, 54000 Nancy\" must contain only letters (a-z) and digits (0-9)"] []
[2022-03-21T12:52:16.169838+00:00] lbs.log.ERROR: error ["\"2Ter Bd Charlemagne, 54000 Nancy\" must contain only letters (a-z) and digits (0-9)"] []
[2022-03-21T12:52:31.213503+00:00] lbs.log.ERROR: error ["\"2Ter Bd Charlemagne, 54000 Nancy\" must contain only letters (a-z) and digits (0-9)"] []
[2022-03-21T12:53:00.509547+00:00] lbs.log.ERROR: error ["null must contain only letters (a-z) and digits (0-9)","null must be a string","null must not be empty"] []
[2022-03-21T12:53:04.291761+00:00] lbs.log.ERROR: error ["\"2Ter Bd Charlemagne, 54000 Nancy\" must contain only letters (a-z) and digits (0-9)"] []
[2022-03-21T12:53:16.488364+00:00] lbs.log.ERROR: error ["\"2Ter Bd Charlemagne, 54000 Nancy\" must contain only letters (a-z) and digits (0-9)"] []
[2022-03-21T12:53:43.070709+00:00] lbs.log.ERROR: error ["null must contain only letters (a-z) and digits (0-9)","null must have a length between 1 and 36"] []
[2022-03-21T12:54:28.171868+00:00] lbs.log.ERROR: error ["null must contain only letters (a-z) and digits (0-9)","null must be a string","null must not be empty"] []
[2022-03-21T12:55:00.292818+00:00] lbs.log.ERROR: error ["null must be a string","null must not be empty"] []
[2022-03-21T12:55:06.777427+00:00] lbs.log.ERROR: error | 500 | Return value of reu\events\app\controller\EventController::insertEvent() must implement interface Psr\Http\Message\ResponseInterface, none returned | /var/www/src/app/controller/EventController.phpline: 86 [] []
[2022-03-21T12:56:10.456515+00:00] lbs.log.ERROR: error ["null must have a length between 1 and 36"] []
[2022-03-21T13:15:44.775749+00:00] lbs.log.ERROR: GET http://api.events.local:19080/events/ : bad method - POST wanted [] []
[2022-03-21T13:35:26.766784+00:00] lbs.log.ERROR: error: invalid input ["null must be a valid date. Sample format: \"30-12-2005\"","null must be greater than or equal to \"now\""] []
[2022-03-21T13:43:09.684103+00:00] lbs.log.ERROR: unkown event [] []
[2022-03-21T13:43:40.160531+00:00] lbs.log.ERROR: Missing token in event route [] []
[2022-03-21T13:49:31.271320+00:00] lbs.log.ERROR: POST http://api.events.local:19080/events/b003100b-1d95-4734-8982-b40f498c4e68/?token=3cbfc34b314b9342068010e5049877bd7de5d228910816e32e5a239e25bd3886 : bad method - GET wanted [] []
[2022-03-21T14:10:07.991436+00:00] lbs.log.ERROR: PUT http://api.events.local:19080/events/b003100b-1d95-4734-8982-b40f498c4e68/?token=3cbfc34b314b9342068010e5049877bd7de5d228910816e32e5a239e25bd3886 : bad method - GET wanted [] []
[2022-03-21T14:15:18.886427+00:00] lbs.log.ERROR: error | 500 | Argument 1 passed to reu\events\app\errors\Writer::json_output() must implement interface Psr\Http\Message\ResponseInterface, instance of reu\events\app\models\Event given, called in /var/www/src/app/controller/EventController.php on line 200 | /var/www/src/app/errors/Writer.phpline: 30 [] []
[2022-03-21T14:15:41.219100+00:00] lbs.log.ERROR: error | 500 | Argument 1 passed to reu\events\app\errors\Writer::json_output() must implement interface Psr\Http\Message\ResponseInterface, instance of reu\events\app\models\Event given, called in /var/www/src/app/controller/EventController.php on line 202 | /var/www/src/app/errors/Writer.phpline: 30 [] []
[2022-03-21T14:23:10.372451+00:00] lbs.log.ERROR: error: invalid input ["\"\" must not be empty"] []
[2022-03-21T14:33:33.320823+00:00] lbs.log.ERROR: Missing token in event route [] []
[2022-03-21T14:34:26.126341+00:00] lbs.log.ERROR: Missing token in event route [] []
[2022-03-21T14:43:54.639241+00:00] lbs.log.ERROR: Missing token in event route [] []
[2022-03-21T14:46:05.047119+00:00] lbs.log.ERROR: Missing token in event route [] []
[2022-03-21T14:46:27.897698+00:00] lbs.log.ERROR: Missing token in event route [] []
[2022-03-21T14:46:42.515209+00:00] lbs.log.ERROR: Missing token in event route [] []
[2022-03-21T14:47:02.300502+00:00] lbs.log.ERROR: Missing token in event route [] []
[2022-03-21T14:48:25.777081+00:00] lbs.log.ERROR: GET http://api.events.local:19080/events/b003100b-1d95-4734-8982-b40f498c4e68/3cbfc34b314b9342068010e5049877bd7de5d228910816e32e5a239e25bd3886 : malformed uri [] []
[2022-03-21T14:49:27.112638+00:00] lbs.log.ERROR: GET http://api.events.local:19080/events/b003100b-1d95-4734-8982-b40f498c4e68/3cbfc34b314b9342068010e5049877bd7de5d228910816e32e5a239e25bd3886 : malformed uri [] []
[2022-03-21T14:49:40.628284+00:00] lbs.log.ERROR: Missing token in event route [] []
[2022-03-21T14:50:08.224529+00:00] lbs.log.ERROR: Missing token in event route [] []
[2022-03-21T14:59:35.465798+00:00] lbs.log.ERROR: Missing token in event route [] []
[2022-03-21T15:03:35.666895+00:00] lbs.log.ERROR: Missing token in event route [] []
[2022-03-21T15:03:46.836828+00:00] lbs.log.ERROR: Missing token in event route [] []
[2022-03-21T15:03:49.796853+00:00] lbs.log.ERROR: GET http://api.events.local:19080/events/b003100b-1d95-4734-8982-b40f498c4e68/cbfc34b314b9342068010e5049877bd7de5d228910816e32e5a239e25bd3886 : malformed uri [] []
[2022-03-21T15:03:57.991492+00:00] lbs.log.ERROR: GET http://api.events.local:19080/events/b003100b-1d95-4734-8982-b40f498c4e68/cbfc34b314b9342068010e5049877bd7de5d228910816e32e5a239e25bd3886 : malformed uri [] []
[2022-03-21T15:04:39.014483+00:00] lbs.log.ERROR: GET http://api.events.local:19080/events/b003100b-1d95-4734-8982-b40f498c4e68/cbfc34b314b9342068010e5049877bd7de5d228910816e32e5a239e25bd3886 : malformed uri [] []
[2022-03-21T23:32:35.508846+00:00] lbs.log.ERROR: GET http://api.events.local:19080/users/a95144d2-1a31-458f-8665-35f571105665 : malformed uri [] []
[2022-03-21T23:46:22.966207+00:00] lbs.log.ERROR: error: invalid input ["null must be a string","null must not be empty"] []
[2022-03-23T14:04:22.474607+00:00] lbs.log.ERROR: error | 500 | Call to a member function delete() on null | /var/www/src/app/controller/EventController.phpline: 292 [] []
[2022-03-23T14:06:04.676333+00:00] lbs.log.ERROR: error | 500 | Call to a member function delete() on null | /var/www/src/app/controller/EventController.phpline: 291 [] []
[2022-03-23T14:06:57.973016+00:00] lbs.log.ERROR: error | 500 | Call to a member function firstOrFail() on null | /var/www/src/app/controller/EventController.phpline: 290 [] []
[2022-03-23T14:08:39.383132+00:00] lbs.log.ERROR: error | 500 | Call to a member function delete() on null | /var/www/src/app/controller/EventController.phpline: 291 [] []
[2022-03-23T14:10:20.292099+00:00] lbs.log.ERROR: error | 500 | Too few arguments to function Illuminate\Database\Eloquent\Builder::findOrFail(), 0 passed in /var/www/src/app/controller/EventController.php on line 270 and at least 1 expected | /var/www/src/vendor/illuminate/database/Eloquent/Builder.phpline: 430 [] []
[2022-03-23T14:10:45.545934+00:00] lbs.log.ERROR: GET http://api.events.local:62360/events/creators//a95144d2-1a31-458f-8665-35f571105664 : malformed uri [] []
[2022-03-23T14:10:55.287271+00:00] lbs.log.ERROR: error | 500 | Too few arguments to function Illuminate\Database\Eloquent\Builder::findOrFail(), 0 passed in /var/www/src/app/controller/EventController.php on line 270 and at least 1 expected | /var/www/src/vendor/illuminate/database/Eloquent/Builder.phpline: 430 [] []
[2022-03-23T14:11:20.866939+00:00] lbs.log.ERROR: error | 500 | Too few arguments to function Illuminate\Database\Eloquent\Builder::findOrFail(), 0 passed in /var/www/src/app/controller/EventController.php on line 270 and at least 1 expected | /var/www/src/vendor/illuminate/database/Eloquent/Builder.phpline: 430 [] []
[2022-03-23T14:12:20.007680+00:00] lbs.log.ERROR: error | 500 | Too few arguments to function Illuminate\Database\Eloquent\Builder::findOrFail(), 0 passed in /var/www/src/app/controller/EventController.php on line 270 and at least 1 expected | /var/www/src/vendor/illuminate/database/Eloquent/Builder.phpline: 430 [] []
[2022-03-23T14:13:12.127650+00:00] lbs.log.ERROR: Missing token in event route [] []
[2022-03-24T20:04:31.174484+00:00] lbs.log.ERROR: POST http://api.events.local/events/creators/ : bad method - GET, PUT, DELETE wanted [] []
[2022-03-24T20:04:39.121640+00:00] lbs.log.ERROR: POST http://api.events.local/events/creators/ : bad method - GET, PUT, DELETE wanted [] []
[2022-03-24T20:05:10.279550+00:00] lbs.log.ERROR: Missing token in event route [] []
[2022-03-24T20:05:50.260113+00:00] lbs.log.ERROR: Missing token in event route [] []
[2022-03-24T20:06:40.297293+00:00] lbs.log.ERROR: bad ressource : http://api.events.local/events/creators/ [] []
[2022-03-24T20:08:02.183720+00:00] lbs.log.ERROR: bad ressource : http://api.events.local/events/creators/ [] []
[2022-03-24T20:09:57.556512+00:00] lbs.log.ERROR: bad ressource : http://api.events.local/events/creators/ [] []
[2022-03-24T20:11:23.523207+00:00] lbs.log.ERROR: bad ressource : http://api.events.local/events/creators/ [] []
[2022-03-24T20:12:05.766056+00:00] lbs.log.ERROR: bad ressource : http://api.events.local/events/creators/ [] []
[2022-03-24T20:12:38.973060+00:00] lbs.log.ERROR: bad ressource : http://api.events.local/events/creators/ [] []
[2022-03-24T20:15:17.309740+00:00] lbs.log.ERROR: bad ressource : http://api.events.local/events/creators/ [] []
[2022-03-24T20:16:34.311234+00:00] lbs.log.ERROR: GET http://api.events.local/ : malformed uri [] []
[2022-03-24T20:17:06.190117+00:00] lbs.log.ERROR: bad ressource : http://api.events.local/events/creators/ [] []
[2022-03-24T20:18:46.742335+00:00] lbs.log.ERROR: bad ressource : http://api.events.local/events/creators/ [] []
[2022-03-24T21:15:23.903097+00:00] lbs.log.ERROR: GET http://api.events.local/events41853001-0583-4a13-9348-b876fe1d577a : malformed uri [] []
[2022-03-24T22:38:12.750703+00:00] lbs.log.ERROR: error: invalid input ["null must be a string","null must not be empty"] []
[2022-03-24T22:38:28.763674+00:00] lbs.log.ERROR: error: invalid input ["null must be a string","null must not be empty"] []
[2022-03-24T22:39:09.728399+00:00] lbs.log.ERROR: error: invalid input ["null must be a string","null must not be empty"] []
[2022-03-24T22:39:50.735200+00:00] lbs.log.ERROR: error: invalid input ["null must be a valid date. Sample format: \"30-12-2005\"","null must be greater than or equal to \"now\""] []
[2022-03-24T22:40:13.823802+00:00] lbs.log.ERROR: error: invalid input ["null must be a valid date. Sample format: \"30-12-2005\"","null must be greater than or equal to \"now\""] []
[2022-03-24T22:40:42.611036+00:00] lbs.log.ERROR: error: invalid input ["null must be a valid date. Sample format: \"30-12-2005\"","null must be greater than or equal to \"now\""] []
[2022-03-24T22:41:01.392943+00:00] lbs.log.ERROR: error: invalid input ["null must be a valid date. Sample format: \"30-12-2005\"","null must be greater than or equal to \"now\""] []
[2022-03-24T22:42:22.420176+00:00] lbs.log.ERROR: error: invalid input ["null must be a valid date. Sample format: \"30-12-2005\"","null must be greater than or equal to \"now\""] []
[2022-03-24T22:43:01.507262+00:00] lbs.log.ERROR: error: invalid input ["null must be a valid date. Sample format: \"30-12-2005\"","null must be greater than or equal to \"now\""] []
[2022-03-24T22:44:11.932452+00:00] lbs.log.ERROR: error: invalid input ["null must be a valid date. Sample format: \"30-12-2005\"","null must be greater than or equal to \"now\""] []
[2022-03-24T22:44:39.392232+00:00] lbs.log.ERROR: error: invalid input ["null must be a valid date. Sample format: \"30-12-2005\"","null must be greater than or equal to \"now\""] []
[2022-03-24T22:55:19.317044+00:00] lbs.log.ERROR: error: invalid input ["null must be a string","null must not be empty"] []
[2022-03-24T22:58:04.254231+00:00] lbs.log.ERROR: error: invalid input ["null must be a string","null must not be empty"] []
[2022-03-24T23:02:15.920904+00:00] lbs.log.ERROR: error: invalid input ["\"\" must not be empty"] []
[2022-03-24T23:03:15.828131+00:00] lbs.log.ERROR: error: invalid input ["null must be a valid date. Sample format: \"30-12-2005\"","null must be greater than or equal to \"now\""] []
[2022-03-24T23:05:18.780414+00:00] lbs.log.ERROR: error: invalid input ["null must be a valid date. Sample format: \"30-12-2005\"","null must be greater than or equal to \"now\""] []
[2022-03-24T23:05:33.685173+00:00] lbs.log.ERROR: error: invalid input ["null must be a valid date. Sample format: \"30-12-2005\"","null must be greater than or equal to \"now\""] []
[2022-03-24T23:06:03.422742+00:00] lbs.log.ERROR: error: invalid input ["null must be a valid date. Sample format: \"30-12-2005\"","null must be greater than or equal to \"now\""] []
[2022-03-24T23:07:55.989352+00:00] lbs.log.ERROR: error: invalid input ["null must be a valid date. Sample format: \"30-12-2005\"","null must be greater than or equal to \"now\""] []
[2022-03-24T23:09:50.679952+00:00] lbs.log.ERROR: error: invalid input ["null must be a valid date. Sample format: \"30-12-2005\"","null must be greater than or equal to \"now\""] []
[2022-03-24T23:10:07.831268+00:00] lbs.log.ERROR: error: invalid input ["null must be a valid date. Sample format: \"30-12-2005\"","null must be greater than or equal to \"now\""] []
[2022-03-24T23:11:37.740881+00:00] lbs.log.ERROR: error: invalid input ["null must be a valid date. Sample format: \"30-12-2005\"","null must be greater than or equal to \"now\""] []
[2022-03-24T23:16:03.619054+00:00] lbs.log.ERROR: error: invalid input ["null must be a valid date. Sample format: \"30-12-2005\"","null must be greater than or equal to \"now\""] []
[2022-03-25T08:31:55.996676+00:00] lbs.log.ERROR: error: invalid input ["null must be a valid date. Sample format: \"30-12-2005\"","null must be greater than or equal to \"now\""] []
[2022-03-25T08:32:34.528645+00:00] lbs.log.ERROR: error: invalid input ["null must be a valid date. Sample format: \"30-12-2005\"","null must be greater than or equal to \"now\""] []
[2022-03-25T08:33:52.615524+00:00] lbs.log.ERROR: error: invalid input ["null must be a valid date. Sample format: \"30-12-2005\"","null must be greater than or equal to \"now\""] []
[2022-03-25T08:37:57.496860+00:00] lbs.log.ERROR: error: invalid input ["null must be a valid date. Sample format: \"30-12-2005\"","null must be greater than or equal to \"now\""] []
[2022-03-25T08:38:38.596472+00:00] lbs.log.ERROR: error | 500 | Call to a member function get() on null | /var/www/src/app/controller/EventController.phpline: 46 [] []
[2022-03-25T08:39:06.895091+00:00] lbs.log.ERROR: error | 500 | Call to a member function get() on null | /var/www/src/app/controller/EventController.phpline: 47 [] []
[2022-03-25T08:41:10.874808+00:00] lbs.log.ERROR: error | 500 | Argument 1 passed to reu\events\app\errors\Writer::json_output() must implement interface Psr\Http\Message\ResponseInterface, array given, called in /var/www/src/app/controller/EventController.php on line 28 | /var/www/src/app/errors/Writer.phpline: 28 [] []
[2022-03-25T08:45:15.902062+00:00] lbs.log.ERROR: error: invalid input ["null must be a valid date. Sample format: \"30-12-2005\"","null must be greater than or equal to \"now\""] []
[2022-03-25T08:47:13.997986+00:00] lbs.log.ERROR: error: invalid input ["null must be a valid date. Sample format: \"30-12-2005\""] []
[2022-03-25T08:48:03.408413+00:00] lbs.log.ERROR: error: invalid input ["null must be a valid date. Sample format: \"30-12-2005\"","null must be greater than or equal to \"now\""] []
[2022-03-25T08:49:38.523198+00:00] lbs.log.ERROR: error: invalid input ["\"2022-06-15\" must be a valid date. Sample format: \"30-12-2005\""] []
[2022-03-25T08:50:19.343063+00:00] lbs.log.ERROR: error | 500 | Call to a member function get() on null | /var/www/src/app/controller/EventController.phpline: 49 [] []
[2022-03-25T08:52:57.471150+00:00] lbs.log.ERROR: error | 500 | Call to a member function get() on null | /var/www/src/app/controller/EventController.phpline: 49 [] []
[2022-03-25T08:53:51.879650+00:00] lbs.log.ERROR: error | 500 | Call to a member function get() on null | /var/www/src/app/controller/EventController.phpline: 49 [] []
[2022-03-25T08:54:17.795788+00:00] lbs.log.ERROR: error | 500 | Call to a member function get() on null | /var/www/src/app/controller/EventController.phpline: 48 [] []
[2022-03-25T08:54:36.372071+00:00] lbs.log.ERROR: error | 500 | syntax error, unexpected 'catch' (T_CATCH), expecting function (T_FUNCTION) or const (T_CONST) | /var/www/src/app/controller/EventController.phpline: 94 [] []
[2022-03-25T08:56:12.283623+00:00] lbs.log.ERROR: error | 500 | Call to a member function get() on null | /var/www/src/app/controller/EventController.phpline: 49 [] []
[2022-03-25T08:56:33.659065+00:00] lbs.log.ERROR: error | 500 | Call to a member function get() on null | /var/www/src/app/controller/EventController.phpline: 49 [] []
[2022-03-25T08:57:02.842131+00:00] lbs.log.ERROR: error | 500 | Call to a member function get() on null | /var/www/src/app/controller/EventController.phpline: 49 [] []
[2022-03-25T08:57:53.355806+00:00] lbs.log.ERROR: error | 500 | Call to a member function get() on null | /var/www/src/app/controller/EventController.phpline: 48 [] []
[2022-03-25T09:00:19.359600+00:00] lbs.log.ERROR: error | 500 | Call to a member function get() on null | /var/www/src/app/controller/EventController.phpline: 48 [] []
[2022-03-25T09:00:51.459492+00:00] lbs.log.ERROR: error ["\"31fd9fac19b0e13c01528246f92d4a9aa18869bbe5aa5581035be9ea3421ac9b0e5ce1d8\" must have a length between 1 and 36"] []
[2022-03-25T09:02:00.305956+00:00] lbs.log.ERROR: error ["\"31fd9fac19b0e13c01528246f92d4a9aa18869bbe5aa5581035be9ea3421ac9b0e5ce1d8\" must have a length between 1 and 64"] []
[2022-03-25T09:02:36.731034+00:00] lbs.log.ERROR: error ["\"31fd9fac19b0e13c01528246f92d4a9aa18869bbe5aa5581035be9ea3421ac9b0e5ce1d8\" must have a length between 1 and 65"] []
[2022-03-25T09:04:05.975062+00:00] lbs.log.ERROR: error ["\"31fd9fac19b0e13c01528246f92d4a9aa18869bbe5aa5581035be9ea3421ac9b0e5ce1d8\" must have a length between 1 and 71"] []
[2022-03-25T09:05:39.479181+00:00] lbs.log.ERROR: error: invalid input ["null must be a valid date. Sample format: \"30-12-2005\"","null must be greater than or equal to \"now\""] []
[2022-03-25T09:07:44.840972+00:00] lbs.log.ERROR: error: invalid input ["null must be a valid date. Sample format: \"30-12-2005\"","null must be greater than or equal to \"now\""] []
[2022-03-25T09:32:10.070154+00:00] lbs.log.ERROR: error: invalid input ["\"022-03-11T\" must be a valid date. Sample format: \"30-12-2005\"","\"022-03-11T\" must be greater than or equal to \"now\""] []
[2022-03-25T09:32:48.234991+00:00] lbs.log.ERROR: error: invalid input ["\"\" must not be empty"] []
[2022-03-25T09:32:58.013221+00:00] lbs.log.ERROR: error: invalid input ["\"022-03-24T\" must be a valid date. Sample format: \"30-12-2005\"","\"022-03-24T\" must be greater than or equal to \"now\""] []
[2022-03-25T09:33:25.479237+00:00] lbs.log.ERROR: error: invalid input ["\"022-03-10T\" must be a valid date. Sample format: \"30-12-2005\"","\"022-03-10T\" must be greater than or equal to \"now\""] []
[2022-03-25T09:34:30.989981+00:00] lbs.log.ERROR: error: invalid input ["\"\" must not be empty"] []
[2022-03-25T09:34:32.830892+00:00] lbs.log.ERROR: error: invalid input ["\"2022-05-10\" must be a valid date. Sample format: \"30-12-2005\""] []
[2022-03-25T09:36:12.866056+00:00] lbs.log.ERROR: error: invalid input ["\"2022-07-15\" must be a valid date. Sample format: \"30-12-2005\""] []
[2022-03-25T09:39:36.724387+00:00] lbs.log.ERROR: error: invalid input ["\"2022-08-26\" must be a valid date. Sample format: \"30-12-2005\""] []
[2022-03-25T09:40:32.650753+00:00] lbs.log.ERROR: error: invalid input ["\"2022-08-26\" must be a valid date. Sample format: \"30-12-2005\""] []
[2022-03-25T09:41:01.441820+00:00] lbs.log.ERROR: error: invalid input ["\"2022-08-26\" must be a valid date. Sample format: \"30-12-2005\""] []
[2022-03-25T09:42:38.482239+00:00] lbs.log.ERROR: error: invalid input ["\"2022-08-26\" must be a valid date. Sample format: \"30-12-2005\""] []
[2022-03-25T09:43:45.501287+00:00] lbs.log.ERROR: error: invalid input ["\"2022-08-26\" must be a valid date. Sample format: \"30-12-2005\""] []
[2022-03-25T09:43:53.840947+00:00] lbs.log.ERROR: error: invalid input ["\"2022-08-26\" must be a valid date. Sample format: \"30-12-2005\""] []
[2022-03-25T09:44:23.946523+00:00] lbs.log.ERROR: error: invalid input ["\"2022-08-26\" must be a valid date. Sample format: \"30-12-2005\""] []
[2022-03-25T09:45:19.617539+00:00] lbs.log.ERROR: error: invalid input ["\"\" must not be empty"] []
[2022-03-25T09:45:35.340251+00:00] lbs.log.ERROR: error: invalid input ["\"2023-09-23\" must be a valid date. Sample format: \"30-12-2005\""] []
[2022-03-25T09:50:39.290290+00:00] lbs.log.ERROR: error: invalid input ["\"2022-11-18\" must be a valid date. Sample format: \"30-12-2005\""] []
[2022-03-25T09:51:29.812514+00:00] lbs.log.ERROR: error: invalid input ["\"2022-08-13\" must be a valid date. Sample format: \"30-12-2005\""] []
[2022-03-25T09:52:11.761428+00:00] lbs.log.ERROR: error: invalid input ["\"2022-11-12\" must be a valid date. Sample format: \"30-12-2005\""] []
[2022-03-25T09:53:32.049969+00:00] lbs.log.ERROR: error: invalid input ["\"2022-08-23\" must be a valid date. Sample format: \"30-12-2005\""] []
[2022-03-25T09:54:16.274703+00:00] lbs.log.ERROR: error: invalid input ["\"2022-07-21\" must be a valid date. Sample format: \"30-12-2005\""] []
[2022-03-25T09:55:43.014462+00:00] lbs.log.ERROR: error: invalid input ["\"2022-07-21\" must be a valid date. Sample format: \"30-12-2005\""] []
[2022-03-25T09:56:27.329382+00:00] lbs.log.ERROR: error: invalid input ["\"2022-07-21\" must be a valid date. Sample format: \"30-12-2005\""] []
[2022-03-25T09:58:59.001546+00:00] lbs.log.ERROR: error: invalid input ["\"\" must be a valid date. Sample format: \"30-12-2005\"","\"\" must be greater than or equal to \"now\""] []
[2022-03-25T09:59:08.768281+00:00] lbs.log.ERROR: error: invalid input ["\"2022-10-07\" must be a valid date. Sample format: \"30-12-2005\""] []
[2022-03-25T09:59:45.155516+00:00] lbs.log.ERROR: error: invalid input ["\"2022-10-07\" must be a valid date. Sample format: \"30-12-2005\""] []
[2022-03-25T10:01:11.652694+00:00] lbs.log.ERROR: error: invalid input ["null must be a valid date. Sample format: \"30-12-2005\"","null must be greater than or equal to \"now\""] []
[2022-03-25T10:01:50.610930+00:00] lbs.log.ERROR: error: invalid input ["null must be a valid date. Sample format: \"30-12-2005\"","null must be greater than or equal to \"now\""] []
[2022-03-25T10:03:13.258449+00:00] lbs.log.ERROR: error: invalid input ["null must be a valid date. Sample format: \"30-12-2005\"","null must be greater than or equal to \"now\""] []
[2022-03-25T10:03:24.210209+00:00] lbs.log.ERROR: error: invalid input ["null must be a valid date. Sample format: \"30-12-2005\"","null must be greater than or equal to \"now\""] []
[2022-03-25T10:03:47.220843+00:00] lbs.log.ERROR: error: invalid input ["\"2022-09-24\" must be a valid date. Sample format: \"30-12-2005\""] []
[2022-03-25T10:04:29.485804+00:00] lbs.log.ERROR: error: invalid input ["\"2022-09-24\" must be a valid date. Sample format: \"30-12-2005\""] []
[2022-03-25T10:15:08.855430+00:00] lbs.log.ERROR: error: invalid input ["\"2022-09-30\" must be a valid date. Sample format: \"30-12-2005\""] []
[2022-03-25T10:15:54.245862+00:00] lbs.log.ERROR: error: invalid input ["\"08-25-2022\" must be a valid date. Sample format: \"30-12-2005\"","\"08-25-2022\" must be greater than or equal to \"now\""] []
[2022-03-25T10:16:29.564696+00:00] lbs.log.ERROR: error: invalid input ["null must be a valid date. Sample format: \"30-12-2005\"","null must be greater than or equal to \"now\""] []
[2022-03-25T10:18:14.355907+00:00] lbs.log.ERROR: error: invalid input ["\"Invalid da\" must be a valid date. Sample format: \"30-12-2005\"","\"Invalid da\" must be greater than or equal to \"now\""] []
[2022-03-25T10:18:16.864610+00:00] lbs.log.ERROR: error: invalid input ["\"Invalid da\" must be a valid date. Sample format: \"30-12-2005\"","\"Invalid da\" must be greater than or equal to \"now\""] []
[2022-03-25T10:18:23.356981+00:00] lbs.log.ERROR: error: invalid input ["\"08-26-2022\" must be a valid date. Sample format: \"30-12-2005\"","\"08-26-2022\" must be greater than or equal to \"now\""] []
[2022-03-25T10:18:33.315873+00:00] lbs.log.ERROR: error: invalid input ["\"06-17-2022\" must be a valid date. Sample format: \"30-12-2005\"","\"06-17-2022\" must be greater than or equal to \"now\""] []
[2022-03-25T10:18:50.476498+00:00] lbs.log.ERROR: error: invalid input ["\"05-13-2022\" must be a valid date. Sample format: \"30-12-2005\"","\"05-13-2022\" must be greater than or equal to \"now\""] []
[2022-03-25T10:19:14.861128+00:00] lbs.log.ERROR: error: invalid input ["\"2022-08-26\" must be a valid date. Sample format: \"30-12-2005\""] []
[2022-03-25T10:19:49.271263+00:00] lbs.log.ERROR: error: invalid input ["\"10-28-2022\" must be a valid date. Sample format: \"30-12-2005\"","\"10-28-2022\" must be greater than or equal to \"now\""] []
[2022-03-25T10:21:42.985680+00:00] lbs.log.ERROR: error: invalid input ["\"11-25-2022\" must be a valid date. Sample format: \"30-12-2005\"","\"11-25-2022\" must be greater than or equal to \"now\""] []
[2022-03-25T10:22:23.284900+00:00] lbs.log.ERROR: error: invalid input ["\"07-21-2022\" must be a valid date. Sample format: \"30-12-2005\"","\"07-21-2022\" must be greater than or equal to \"now\""] []
[2022-03-25T10:22:54.817856+00:00] lbs.log.ERROR: error: invalid input ["\"07-22-2022\" must be a valid date. Sample format: \"30-12-2005\"","\"07-22-2022\" must be greater than or equal to \"now\""] []
[2022-03-25T10:24:55.706587+00:00] lbs.log.ERROR: error: invalid input ["\"08-26-2022\" must be a valid date. Sample format: \"30-12-2005\"","\"08-26-2022\" must be greater than or equal to \"now\""] []
[2022-03-25T10:47:53.001542+00:00] lbs.log.ERROR: error: invalid input ["\"022-08-26T\" must be a valid date. Sample format: \"30-12-2005\""] []
[2022-03-25T12:46:23.103410+00:00] lbs.log.ERROR: error: invalid input ["\"2022-06-17\" must be a valid date. Sample format: \"30-12-2005\""] []
[2022-03-25T12:48:35.369699+00:00] lbs.log.ERROR: error: invalid input ["\"2022-07-15\" must be a valid date. Sample format: \"30-12-2005\""] []
[2022-03-25T12:49:30.099327+00:00] lbs.log.ERROR: error: invalid input ["\"25-03-2022\" must be greater than or equal to \"now\""] []
[2022-03-25T12:50:24.959293+00:00] lbs.log.ERROR: error: invalid input ["\"25-03-2022\" must be greater than or equal to \"now\""] []
[2022-03-25T12:59:00.213131+00:00] lbs.log.ERROR: error: invalid input ["\"14-08-2022\" must be a valid date. Sample format: \"FriFri-DecDec-2005200520052005\""] []
[2022-03-27T21:19:58.803103+00:00] lbs.log.ERROR: error: invalid input ["null must be a string","null must not be empty"] []
[2022-03-27T21:28:17.287720+00:00] lbs.log.ERROR: error: invalid input ["\"\" must not be empty"] []
[2022-03-27T21:28:17.321647+00:00] lbs.log.ERROR: error: invalid input ["\"\" must not be empty"] []
