[2022-03-24T14:51:47.727395+00:00] lbs.log.ERROR: GET http://api.authentification.local/create : malformed uri [] []
[2022-03-24T14:55:43.144617+00:00] lbs.log.ERROR: error | 500 | Return value of reu\authentification\app\controller\REUAuthController::create() must implement interface Psr\Http\Message\ResponseInterface, none returned | /var/www/src/app/controller/REUAuthController.phpline: 156 [] []
[2022-03-24T15:31:54.854306+00:00] lbs.log.ERROR: error | 500 | Cannot use object of type Slim\Http\RequestBody as array | /var/www/src/app/controller/REUAuthController.phpline: 117 [] []
[2022-03-24T15:37:32.901214+00:00] lbs.log.ERROR: error | 500 | Cannot use object of type Slim\Http\RequestBody as array | /var/www/src/app/controller/REUAuthController.phpline: 117 [] []
[2022-03-24T15:38:31.895678+00:00] lbs.log.ERROR: error | 500 | Cannot use object of type Slim\Http\RequestBody as array | /var/www/src/app/controller/REUAuthController.phpline: 116 [] []
[2022-03-24T15:39:54.955435+00:00] lbs.log.ERROR: error | 500 | Cannot use object of type Slim\Http\RequestBody as array | /var/www/src/app/controller/REUAuthController.phpline: 116 [] []
[2022-03-24T15:42:22.344850+00:00] lbs.log.ERROR: error | 500 | Cannot use object of type Slim\Http\RequestBody as array | /var/www/src/app/controller/REUAuthController.phpline: 116 [] []
[2022-03-24T15:44:05.637769+00:00] lbs.log.ERROR: error | 500 | Cannot use object of type Slim\Http\RequestBody as array | /var/www/src/app/controller/REUAuthController.phpline: 116 [] []
[2022-03-24T16:08:05.772516+00:00] lbs.log.ERROR: error | 500 | Return value of reu\authentification\app\controller\REUAuthController::create() must implement interface Psr\Http\Message\ResponseInterface, none returned | /var/www/src/app/controller/REUAuthController.phpline: 187 [] []
[2022-03-25T13:46:15.194626+00:00] lbs.log.ERROR: GET http://api.authentification.local/createparticipant : malformed uri [] []
[2022-03-25T14:58:18.715889+00:00] lbs.log.ERROR: GET http://api.authentification.local/events/a95144d2-1a31-458f-8665-35f571105664participsations/ : malformed uri [] []
[2022-03-25T14:58:52.191456+00:00] lbs.log.ERROR: GET http://api.authentification.local/events/a95144d2-1a31-458f-8665-35f571105664/participsations/ : malformed uri [] []
[2022-03-28T08:12:35.991465+00:00] lbs.log.ERROR: error | 500 | Call to a member function get() on null | /var/www/src/app/controller/REUAuthController.phpline: 205 [] []
[2022-03-28T08:15:49.961648+00:00] lbs.log.ERROR: error | 500 | Call to a member function get() on null | /var/www/src/app/controller/REUAuthController.phpline: 205 [] []
[2022-03-28T08:16:33.354535+00:00] lbs.log.ERROR: error | 500 | Call to a member function get() on null | /var/www/src/app/controller/REUAuthController.phpline: 205 [] []
[2022-03-28T08:17:35.049877+00:00] lbs.log.ERROR: error | 500 | Call to a member function get() on null | /var/www/src/app/controller/REUAuthController.phpline: 205 [] []
[2022-03-28T08:19:38.388576+00:00] lbs.log.ERROR: error | 500 | Call to a member function get() on null | /var/www/src/app/controller/REUAuthController.phpline: 205 [] []
[2022-03-28T08:21:32.163890+00:00] lbs.log.ERROR: error | 500 | Call to a member function get() on null | /var/www/src/app/controller/REUAuthController.phpline: 205 [] []
[2022-03-28T08:24:32.096908+00:00] lbs.log.ERROR: error | 500 | Call to a member function get() on null | /var/www/src/app/controller/REUAuthController.phpline: 205 [] []
[2022-03-28T08:25:46.015801+00:00] lbs.log.ERROR: error | 500 | Call to a member function get() on null | /var/www/src/app/controller/REUAuthController.phpline: 205 [] []
[2022-03-28T08:26:55.511990+00:00] lbs.log.ERROR: error | 500 | Call to a member function get() on null | /var/www/src/app/controller/REUAuthController.phpline: 205 [] []
[2022-03-28T08:29:19.210604+00:00] lbs.log.ERROR: error | 500 | Call to a member function get() on null | /var/www/src/app/controller/REUAuthController.phpline: 205 [] []
[2022-03-28T08:30:51.119923+00:00] lbs.log.ERROR: error | 500 | Call to a member function get() on null | /var/www/src/app/controller/REUAuthController.phpline: 205 [] []
[2022-03-28T08:33:54.928442+00:00] lbs.log.ERROR: error | 500 | Call to a member function get() on null | /var/www/src/app/controller/REUAuthController.phpline: 205 [] []
[2022-03-28T08:38:40.962577+00:00] lbs.log.ERROR: error | 500 | Call to a member function get() on null | /var/www/src/app/controller/REUAuthController.phpline: 205 [] []
[2022-03-28T08:45:51.605103+00:00] lbs.log.ERROR: error | 500 | Call to a member function get() on null | /var/www/src/app/controller/REUAuthController.phpline: 205 [] []
[2022-03-28T08:46:48.931692+00:00] lbs.log.ERROR: error | 500 | Call to a member function get() on null | /var/www/src/app/controller/REUAuthController.phpline: 205 [] []
[2022-03-28T08:47:42.185305+00:00] lbs.log.ERROR: error | 500 | Call to a member function get() on null | /var/www/src/app/controller/REUAuthController.phpline: 205 [] []
[2022-03-28T09:01:32.767411+00:00] lbs.log.ERROR: error | 500 | Call to a member function get() on null | /var/www/src/app/controller/REUAuthController.phpline: 205 [] []
[2022-03-28T09:03:26.798924+00:00] lbs.log.ERROR: error | 500 | Call to a member function get() on null | /var/www/src/app/controller/REUAuthController.phpline: 205 [] []
[2022-03-28T09:07:05.142462+00:00] lbs.log.ERROR: error | 500 | Call to a member function get() on null | /var/www/src/app/controller/REUAuthController.phpline: 205 [] []
[2022-03-28T09:07:18.766693+00:00] lbs.log.ERROR: error | 500 | Call to a member function get() on null | /var/www/src/app/controller/REUAuthController.phpline: 205 [] []
[2022-03-28T09:09:59.681012+00:00] lbs.log.ERROR: error | 500 | Call to a member function get() on null | /var/www/src/app/controller/REUAuthController.phpline: 205 [] []
[2022-03-28T09:12:26.191035+00:00] lbs.log.ERROR: error | 500 | Call to a member function get() on null | /var/www/src/app/controller/REUAuthController.phpline: 205 [] []
[2022-03-28T09:13:42.546827+00:00] lbs.log.ERROR: error | 500 | Call to a member function get() on null | /var/www/src/app/controller/REUAuthController.phpline: 205 [] []
[2022-03-28T09:13:44.046081+00:00] lbs.log.ERROR: error | 500 | Call to a member function get() on null | /var/www/src/app/controller/REUAuthController.phpline: 205 [] []
[2022-03-28T09:13:46.200577+00:00] lbs.log.ERROR: error | 500 | Call to a member function get() on null | /var/www/src/app/controller/REUAuthController.phpline: 205 [] []
[2022-03-28T09:35:03.468316+00:00] lbs.log.ERROR: error | 500 | Call to a member function get() on null | /var/www/src/app/controller/REUAuthController.phpline: 205 [] []
[2022-03-28T09:35:25.488622+00:00] lbs.log.ERROR: error | 500 | Call to a member function get() on null | /var/www/src/app/controller/REUAuthController.phpline: 205 [] []
[2022-03-28T09:35:35.019716+00:00] lbs.log.ERROR: error | 500 | Call to a member function get() on null | /var/www/src/app/controller/REUAuthController.phpline: 205 [] []
[2022-03-28T09:36:20.745554+00:00] lbs.log.ERROR: error | 500 | Call to a member function get() on null | /var/www/src/app/controller/REUAuthController.phpline: 205 [] []
[2022-03-28T09:36:44.007191+00:00] lbs.log.ERROR: error | 500 | Call to a member function get() on null | /var/www/src/app/controller/REUAuthController.phpline: 205 [] []
[2022-03-28T09:36:45.260129+00:00] lbs.log.ERROR: error | 500 | Call to a member function get() on null | /var/www/src/app/controller/REUAuthController.phpline: 205 [] []
[2022-03-28T09:38:18.241507+00:00] lbs.log.ERROR: error | 500 | Call to a member function get() on null | /var/www/src/app/controller/REUAuthController.phpline: 205 [] []
[2022-03-28T09:39:00.364051+00:00] lbs.log.ERROR: error | 500 | Call to a member function get() on null | /var/www/src/app/controller/REUAuthController.phpline: 205 [] []
[2022-03-28T09:39:29.834912+00:00] lbs.log.ERROR: error | 500 | Call to a member function get() on null | /var/www/src/app/controller/REUAuthController.phpline: 205 [] []
[2022-03-28T09:39:31.087072+00:00] lbs.log.ERROR: error | 500 | Call to a member function get() on null | /var/www/src/app/controller/REUAuthController.phpline: 205 [] []
[2022-03-28T09:39:33.642442+00:00] lbs.log.ERROR: error | 500 | Call to a member function get() on null | /var/www/src/app/controller/REUAuthController.phpline: 205 [] []
[2022-03-28T09:40:14.106011+00:00] lbs.log.ERROR: error | 500 | Call to a member function get() on null | /var/www/src/app/controller/REUAuthController.phpline: 205 [] []
[2022-03-28T09:40:14.575890+00:00] lbs.log.ERROR: error | 500 | Call to a member function get() on null | /var/www/src/app/controller/REUAuthController.phpline: 205 [] []
[2022-03-28T09:40:15.473901+00:00] lbs.log.ERROR: error | 500 | Call to a member function get() on null | /var/www/src/app/controller/REUAuthController.phpline: 205 [] []
[2022-03-28T09:41:15.412921+00:00] lbs.log.ERROR: error | 500 | Call to a member function get() on null | /var/www/src/app/controller/REUAuthController.phpline: 205 [] []
[2022-03-28T09:42:23.795936+00:00] lbs.log.ERROR: error | 500 | Call to a member function get() on null | /var/www/src/app/controller/REUAuthController.phpline: 205 [] []
[2022-03-28T09:42:58.939196+00:00] lbs.log.ERROR: error | 500 | Call to a member function get() on null | /var/www/src/app/controller/REUAuthController.phpline: 205 [] []
[2022-03-28T10:22:36.929195+00:00] lbs.log.ERROR: error | 500 | Argument 3 passed to reu\authentification\app\utils\Writer::json_output() must be of the type array, null given, called in /var/www/src/app/controller/REUAuthController.php on line 204 | /var/www/src/app/utils/Writer.phpline: 25 [] []
[2022-03-28T10:23:03.687821+00:00] lbs.log.ERROR: error | 500 | Argument 3 passed to reu\authentification\app\utils\Writer::json_output() must be of the type array, null given, called in /var/www/src/app/controller/REUAuthController.php on line 204 | /var/www/src/app/utils/Writer.phpline: 25 [] []
[2022-03-28T10:30:21.060168+00:00] lbs.log.ERROR: error | 500 | Argument 3 passed to reu\authentification\app\utils\Writer::json_output() must be of the type array, null given, called in /var/www/src/app/controller/REUAuthController.php on line 204 | /var/www/src/app/utils/Writer.phpline: 25 [] []
[2022-03-28T10:30:49.367614+00:00] lbs.log.ERROR: error | 500 | Call to a member function get() on null | /var/www/src/app/controller/REUAuthController.phpline: 205 [] []
[2022-03-28T10:32:23.177002+00:00] lbs.log.ERROR: error | 500 | Call to a member function get() on null | /var/www/src/app/controller/REUAuthController.phpline: 205 [] []
[2022-03-28T10:33:33.749841+00:00] lbs.log.ERROR: error | 500 | Call to a member function get() on null | /var/www/src/app/controller/REUAuthController.phpline: 205 [] []
[2022-03-28T10:34:34.698848+00:00] lbs.log.ERROR: error | 500 | Call to a member function get() on null | /var/www/src/app/controller/REUAuthController.phpline: 205 [] []
[2022-03-28T10:36:54.846181+00:00] lbs.log.ERROR: error | 500 | Call to a member function get() on null | /var/www/src/app/controller/REUAuthController.phpline: 205 [] []
[2022-03-28T10:37:30.299438+00:00] lbs.log.ERROR: error | 500 | Call to a member function get() on null | /var/www/src/app/controller/REUAuthController.phpline: 205 [] []
[2022-03-28T10:37:33.182130+00:00] lbs.log.ERROR: error | 500 | Call to a member function get() on null | /var/www/src/app/controller/REUAuthController.phpline: 205 [] []
[2022-03-28T10:38:20.864562+00:00] lbs.log.ERROR: error | 500 | Call to a member function get() on null | /var/www/src/app/controller/REUAuthController.phpline: 205 [] []
[2022-03-28T10:40:08.587304+00:00] lbs.log.ERROR: error | 500 | Call to a member function get() on null | /var/www/src/app/controller/REUAuthController.phpline: 205 [] []
[2022-03-28T10:40:20.193321+00:00] lbs.log.ERROR: error | 500 | Call to a member function get() on null | /var/www/src/app/controller/REUAuthController.phpline: 205 [] []
[2022-03-28T10:41:17.036243+00:00] lbs.log.ERROR: error | 500 | Call to a member function get() on null | /var/www/src/app/controller/REUAuthController.phpline: 205 [] []
[2022-03-28T10:42:35.684933+00:00] lbs.log.ERROR: error | 500 | Call to a member function get() on null | /var/www/src/app/controller/REUAuthController.phpline: 205 [] []
[2022-03-28T10:43:27.220277+00:00] lbs.log.ERROR: error | 500 | Call to a member function get() on null | /var/www/src/app/controller/REUAuthController.phpline: 205 [] []
[2022-03-28T10:44:57.925237+00:00] lbs.log.ERROR: error | 500 | Call to a member function get() on null | /var/www/src/app/controller/REUAuthController.phpline: 205 [] []
[2022-03-28T10:45:36.858870+00:00] lbs.log.ERROR: error | 500 | Call to a member function get() on null | /var/www/src/app/controller/REUAuthController.phpline: 205 [] []
[2022-03-29T09:04:31.166240+00:00] lbs.log.ERROR: error | 500 | Call to a member function format() on string | /var/www/src/app/controller/REUAuthController.phpline: 348 [] []
[2022-03-29T09:04:56.112076+00:00] lbs.log.ERROR: error | 500 | Call to a member function format() on string | /var/www/src/app/controller/REUAuthController.phpline: 348 [] []
[2022-03-29T09:05:26.343949+00:00] lbs.log.ERROR: error | 500 | Call to a member function format() on string | /var/www/src/app/controller/REUAuthController.phpline: 348 [] []
[2022-03-29T09:06:35.862447+00:00] lbs.log.ERROR: error | 500 | Call to a member function format() on string | /var/www/src/app/controller/REUAuthController.phpline: 348 [] []
[2022-03-29T09:07:17.101061+00:00] lbs.log.ERROR: error | 500 | Call to a member function format() on string | /var/www/src/app/controller/REUAuthController.phpline: 348 [] []
[2022-03-29T09:08:14.083007+00:00] lbs.log.ERROR: error | 500 | Call to a member function format() on string | /var/www/src/app/controller/REUAuthController.phpline: 348 [] []
[2022-03-29T09:23:18.817419+00:00] lbs.log.ERROR: error | 500 | Call to a member function format() on string | /var/www/src/app/controller/REUAuthController.phpline: 348 [] []
[2022-03-29T09:23:54.459300+00:00] lbs.log.ERROR: error | 500 | Call to a member function format() on string | /var/www/src/app/controller/REUAuthController.phpline: 348 [] []
[2022-03-29T09:25:02.475377+00:00] lbs.log.ERROR: error | 500 | Call to a member function format() on string | /var/www/src/app/controller/REUAuthController.phpline: 348 [] []
