[2022-03-21T15:37:08.358474+00:00] lbs.log.ERROR: error | 500 | Call to a member function delete() on null | /var/www/src/app/controller/BackofficeController.phpline: 30 [] []
[2022-03-21T15:40:56.482357+00:00] lbs.log.ERROR: Missing token in event route [] []
[2022-03-21T15:41:33.419870+00:00] lbs.log.ERROR: Invalid token in event route(kjrguozrhbgkj) ["96603a7faea78fc092ec78874decb3706f8f5700c392cc53c09d868e3ae6c9d0"] []
[2022-03-21T15:42:56.923915+00:00] lbs.log.ERROR: unkown event [] []
[2022-03-21T15:52:23.320999+00:00] lbs.log.ERROR: Invalid token in event route(5e4932fd44522687028f26d900fcaebcf54df2b15201084dd6267d0d20c034da) ["3c6b3066e244e42b9666d70af9a9f78a367e31fbf71f198c250a86fb4a4489ba"] []
[2022-03-21T15:54:42.528527+00:00] lbs.log.ERROR: unkown event [] []
[2022-03-21T16:10:25.732771+00:00] lbs.log.ERROR: Invalid token in event route(063a2f2e0cf53296a4134f6813bc71d4a94330efd30d53706383e1f7d3c5d29e) ["0368a75a18081ebf377060ad88caef2980e453ca694e2bc0465361e0e3b72666"] []
[2022-03-21T16:11:13.402165+00:00] lbs.log.ERROR: unkown event [] []
[2022-03-21T16:32:50.278422+00:00] lbs.log.ERROR: Invalid token in event route(1f907e620e0552a7708b53348878a926debb04b0da28f004e24d911114f90ab7	) ["1f907e620e0552a7708b53348878a926debb04b0da28f004e24d911114f90ab7"] []
[2022-03-21T16:33:40.330693+00:00] lbs.log.ERROR: Invalid token in event route(1f907e620e0552a7708b53348878a926debb04b0da28f004e24d911114f90ab7	) ["1f907e620e0552a7708b53348878a926debb04b0da28f004e24d911114f90ab7"] []
[2022-03-21T16:33:48.023224+00:00] lbs.log.ERROR: Invalid token in event route(1f907e620e0552a7708b53348878a926debb04b0da28f004e24d911114f90ab7	) ["1f907e620e0552a7708b53348878a926debb04b0da28f004e24d911114f90ab7"] []
[2022-03-21T16:39:06.462271+00:00] lbs.log.ERROR: error | 500 | Call to a member function format() on bool | /var/www/src/app/controller/BackofficeController.phpline: 36 [] []
[2022-03-21T23:51:11.230289+00:00] lbs.log.ERROR: error | 500 | Call to a member function format() on bool | /var/www/src/app/controller/BackofficeController.phpline: 37 [] []
[2022-03-21T23:52:21.116575+00:00] lbs.log.ERROR: error | 500 | Call to a member function format() on bool | /var/www/src/app/controller/BackofficeController.phpline: 37 [] []
[2022-03-21T23:56:56.330423+00:00] lbs.log.ERROR: unkown event [] []
[2022-03-22T08:24:22.136665+00:00] lbs.log.ERROR: unkown event [] []
[2022-03-22T08:25:12.944350+00:00] lbs.log.ERROR: unkown event [] []
[2022-03-22T08:25:15.789501+00:00] lbs.log.ERROR: unkown event [] []
[2022-03-22T08:29:13.583005+00:00] lbs.log.ERROR: error | 500 | syntax error, unexpected '$response' (T_VARIABLE) | /var/www/src/app/controller/BackofficeController.phpline: 43 [] []
[2022-03-22T08:29:32.928721+00:00] lbs.log.ERROR: error | 500 | Call to a member function format() on bool | /var/www/src/app/controller/BackofficeController.phpline: 37 [] []
[2022-03-22T08:32:50.517203+00:00] lbs.log.ERROR: error | 500 | Call to undefined function reu\backoffice\app\controller\Parse() | /var/www/src/app/controller/BackofficeController.phpline: 34 [] []
[2022-03-22T08:34:24.719227+00:00] lbs.log.ERROR: error | 500 | Call to undefined function reu\backoffice\app\controller\Parse() | /var/www/src/app/controller/BackofficeController.phpline: 34 [] []
[2022-03-22T08:35:56.517318+00:00] lbs.log.ERROR: error | 500 | syntax error, unexpected '$parsedDate2' (T_VARIABLE) | /var/www/src/app/controller/BackofficeController.phpline: 35 [] []
[2022-03-22T08:36:21.139977+00:00] lbs.log.ERROR: error | 500 | syntax error, unexpected '$parsedDate2' (T_VARIABLE) | /var/www/src/app/controller/BackofficeController.phpline: 35 [] []
[2022-03-22T08:36:45.269557+00:00] lbs.log.ERROR: error | 500 | syntax error, unexpected '$parsedDate2' (T_VARIABLE) | /var/www/src/app/controller/BackofficeController.phpline: 35 [] []
[2022-03-22T08:41:27.517065+00:00] lbs.log.ERROR: error | 500 | Call to a member function format() on bool | /var/www/src/app/controller/BackofficeController.phpline: 37 [] []
[2022-03-22T08:50:12.269566+00:00] lbs.log.ERROR: unkown event [] []
[2022-03-22T08:55:16.763770+00:00] lbs.log.ERROR: unkown event [] []
[2022-03-22T09:09:55.312547+00:00] lbs.log.ERROR: Missing token in event route [] []
[2022-03-22T13:21:46.131137+00:00] lbs.log.ERROR: GET http://api.backoffice.local:20080/events/a95144d2-1a31-458f-8665-35f571105665 : bad method - DELETE wanted [] []
[2022-03-22T13:22:41.301767+00:00] lbs.log.ERROR: GET http://api.backoffice.local:20080/users/a95144d2-1a31-458f-8665-35f571105665 : bad method - DELETE wanted [] []
[2022-03-22T13:22:46.563138+00:00] lbs.log.ERROR: error | 500 | Class 'GuzzleHttp\Client' not found | /var/www/src/app/controller/BackofficeController.phpline: 56 [] []
[2022-03-22T13:24:41.277497+00:00] lbs.log.ERROR: error | 500 | Class 'GuzzleHttp\Client' not found | /var/www/src/app/controller/BackofficeController.phpline: 56 [] []
[2022-03-22T13:25:55.615733+00:00] lbs.log.ERROR: error | 500 | Call to a member function getHeader() on null | /var/www/src/app/controller/BackofficeController.phpline: 57 [] []
[2022-03-22T13:37:52.173359+00:00] lbs.log.ERROR: error | 500 | Call to a member function getHeader() on null | /var/www/src/app/controller/BackofficeController.phpline: 58 [] []
[2022-03-22T13:39:17.543319+00:00] lbs.log.ERROR: GET http://api.backoffice.local:20080/users/31fd9fac19b0e13c01528246f92d4a9aa18869bbe5aa5581035be9ea3421ac9b0e5ce1d8 : malformed uri [] []
[2022-03-22T13:39:25.018449+00:00] lbs.log.ERROR: error | 500 | Call to a member function getHeader() on null | /var/www/src/app/controller/BackofficeController.phpline: 58 [] []
[2022-03-22T13:47:14.051205+00:00] lbs.log.ERROR: GET http://api.backoffice.local:20080/users/31fd9fac19b0e13c01528246f92d4a9aa18869bbe5aa5581035be9ea3421ac9b0e5ce1d8 : malformed uri [] []
[2022-03-22T14:07:27.922510+00:00] lbs.log.ERROR: error | 500 | Call to a member function getHeader() on null | /var/www/src/app/controller/BackofficeController.phpline: 58 [] []
[2022-03-22T14:16:51.513017+00:00] lbs.log.ERROR: GET http://api.backoffice.local:20080/users/31fd9fac19b0e13c01528246f92d4a9aa18869bbe5aa5581035be9ea3421ac9b0e5ce1d8 : bad method - DELETE wanted [] []
[2022-03-22T14:16:53.309446+00:00] lbs.log.ERROR: GET http://api.backoffice.local:20080/favicon.ico : malformed uri [] []
[2022-03-22T14:42:26.206578+00:00] lbs.log.ERROR: GET http://api.backoffice.local:20080/ : malformed uri [] []
[2022-03-22T14:42:33.028417+00:00] lbs.log.ERROR: GET http://api.backoffice.local:20080/users : bad method - DELETE wanted [] []
[2022-03-22T15:23:52.660828+00:00] lbs.log.ERROR: error | 500 | Call to a member function get() on null | /var/www/src/app/controller/BackofficeController.phpline: 57 [] []
[2022-03-22T15:24:18.222188+00:00] lbs.log.ERROR: error | 500 | Call to a member function get() on null | /var/www/src/app/controller/BackofficeController.phpline: 57 [] []
[2022-03-22T15:25:14.464954+00:00] lbs.log.ERROR: error | 500 | Call to a member function get() on null | /var/www/src/app/controller/BackofficeController.phpline: 57 [] []
[2022-03-22T15:33:09.559173+00:00] lbs.log.ERROR: GET http://api.backoffice.local:20080/users : bad method - DELETE wanted [] []
[2022-03-23T09:57:29.416837+00:00] lbs.log.ERROR: Missing token in event route [] []
[2022-03-23T16:57:22.780431+00:00] lbs.log.ERROR: POST http://alicia@gmail.com:password@api.backoffice.local:62364/auth : bad method - GET wanted [] []
[2022-03-23T18:03:49.885626+00:00] lbs.log.ERROR: POST http://alicia@gmail.com:password@api.backoffice.local:62364/auth : bad method - GET wanted [] []
[2022-03-23T18:25:36.912598+00:00] lbs.log.ERROR: OPTIONS http://api.backoffice.local:62364/auth : bad method - POST wanted [] []
[2022-03-23T18:28:04.491884+00:00] lbs.log.ERROR: OPTIONS http://api.backoffice.local:62364/auth : bad method - POST wanted [] []
[2022-03-23T18:28:28.871495+00:00] lbs.log.ERROR: OPTIONS http://api.backoffice.local:62364/auth : bad method - POST wanted [] []
[2022-03-23T18:41:27.694502+00:00] lbs.log.ERROR: OPTIONS http://api.backoffice.local:62364/auth : bad method - POST wanted [] []
[2022-03-23T19:43:08.667915+00:00] lbs.log.ERROR: DELETE http://alicia@gmail.com:password@api.backoffice.local:62364/auth : bad method - POST wanted [] []
[2022-03-23T19:44:00.924779+00:00] lbs.log.ERROR: DELETE http://alicia@gmail.com:password@api.backoffice.local:62364/auth : bad method - POST wanted [] []
[2022-03-24T10:42:42.057330+00:00] lbs.log.ERROR: GET http://alicia@gmail.com:password@api.backoffice.local:62364/ : malformed uri [] []
[2022-03-24T10:43:10.857287+00:00] lbs.log.ERROR: GET http://alicia@gmail.com:password@api.backoffice.local:62364/ : malformed uri [] []
[2022-03-24T10:43:45.113998+00:00] lbs.log.ERROR: GET http://alicia@gmail.com:password@api.backoffice.local:62364/ : malformed uri [] []
[2022-03-24T10:43:54.874662+00:00] lbs.log.ERROR: GET http://alicia@gmail.com:password@api.backoffice.local:62364/ : malformed uri [] []
[2022-03-24T10:44:10.091718+00:00] lbs.log.ERROR: GET http://alicia@gmail.com:password@api.backoffice.local:62364/ : malformed uri [] []
[2022-03-24T10:44:26.853802+00:00] lbs.log.ERROR: GET http://alicia@gmail.com:password@api.backoffice.local:62364/ : malformed uri [] []
[2022-03-24T10:44:56.467429+00:00] lbs.log.ERROR: GET http://alicia@gmail.com:password@api.backoffice.local:62364/ : malformed uri [] []
[2022-03-24T10:45:05.677767+00:00] lbs.log.ERROR: GET http://alicia@gmail.com:password@api.backoffice.local:62364/ : malformed uri [] []
[2022-03-24T10:45:27.887873+00:00] lbs.log.ERROR: GET http://alicia@gmail.com:password@api.backoffice.local:62364/ : malformed uri [] []
[2022-03-24T10:45:54.054340+00:00] lbs.log.ERROR: GET http://alicia@gmail.com:password@api.backoffice.local:62364/ : malformed uri [] []
[2022-03-24T10:46:41.922055+00:00] lbs.log.ERROR: GET http://alicia@gmail.com:password@api.backoffice.local:62364/ : malformed uri [] []
[2022-03-24T10:47:08.759653+00:00] lbs.log.ERROR: GET http://alicia@gmail.com:password@api.backoffice.local:62364/ : malformed uri [] []
[2022-03-24T10:47:51.948208+00:00] lbs.log.ERROR: GET http://alicia@gmail.com:password@api.backoffice.local:62364/ : malformed uri [] []
[2022-03-24T10:48:03.246105+00:00] lbs.log.ERROR: GET http://alicia@gmail.com:password@api.backoffice.local:62364/ : malformed uri [] []
[2022-03-24T10:50:28.555687+00:00] lbs.log.ERROR: GET http://alicia@gmail.com:password@api.backoffice.local:62364/ : malformed uri [] []
[2022-03-24T10:52:07.016889+00:00] lbs.log.ERROR: GET http://alicia@gmail.com:password@api.backoffice.local:62364/ : malformed uri [] []
[2022-03-24T10:52:44.352007+00:00] lbs.log.ERROR: GET http://alicia@gmail.com:password@api.backoffice.local:62364/ : malformed uri [] []
[2022-03-24T11:07:15.241399+00:00] lbs.log.ERROR: GET http://alicia@gmail.com:password@api.backoffice.local:62364/users/ : malformed uri [] []
[2022-03-24T13:53:31.696329+00:00] lbs.log.ERROR: error | 500 | Return value of reu\backoffice\app\controller\backofficeController::auth() must implement interface Psr\Http\Message\ResponseInterface, null returned | /var/www/src/app/controller/BackofficeController.phpline: 56 [] []
[2022-03-24T15:12:44.348166+00:00] lbs.log.ERROR: error | 500 | Argument 1 passed to reu\backoffice\app\errors\Writer::json_output() must implement interface Psr\Http\Message\ResponseInterface, array given, called in /var/www/src/app/controller/BackofficeController.php on line 52 | /var/www/src/app/errors/Writer.phpline: 29 [] []
[2022-03-24T15:13:25.618082+00:00] lbs.log.ERROR: error | 500 | Argument 1 passed to reu\backoffice\app\errors\Writer::json_output() must implement interface Psr\Http\Message\ResponseInterface, array given, called in /var/www/src/app/controller/BackofficeController.php on line 55 | /var/www/src/app/errors/Writer.phpline: 29 [] []
[2022-03-24T15:34:59.285952+00:00] lbs.log.ERROR: error | 500 | Argument 2 passed to GuzzleHttp\Psr7\MultipartStream::addElement() must be of the type array, string given, called in /var/www/src/vendor/guzzlehttp/psr7/src/MultipartStream.php on line 71 | /var/www/src/vendor/guzzlehttp/psr7/src/MultipartStream.phpline: 80 [] []
[2022-03-24T15:35:54.718120+00:00] lbs.log.ERROR: error | 500 | Argument 2 passed to GuzzleHttp\Psr7\MultipartStream::addElement() must be of the type array, string given, called in /var/www/src/vendor/guzzlehttp/psr7/src/MultipartStream.php on line 71 | /var/www/src/vendor/guzzlehttp/psr7/src/MultipartStream.phpline: 80 [] []
[2022-03-24T20:08:55.788576+00:00] lbs.log.ERROR: error | 500 | Argument 1 passed to reu\backoffice\app\errors\Writer::json_output() must implement interface Psr\Http\Message\ResponseInterface, null given, called in /var/www/src/app/controller/BackofficeController.php on line 68 | /var/www/src/app/errors/Writer.phpline: 29 [] []
[2022-03-24T20:28:46.139351+00:00] lbs.log.ERROR: POST http://api.backoffice.local:62364/events/creators/31fd9fac19b0e13c01528246f92d4a9aa18869bbe5aa5581035be9ea3421ac9b0e5ce1d8 : bad method - GET, OPTIONS wanted [] []
[2022-03-24T20:28:52.908225+00:00] lbs.log.ERROR: POST http://api.backoffice.local:62364/events/creators/31fd9fac19b0e13c01528246f92d4a9aa18869bbe5aa5581035be9ea3421ac9b0e5ce1d8 : bad method - GET, OPTIONS wanted [] []
[2022-03-24T21:10:53.186262+00:00] lbs.log.ERROR: GET http://alicia@gmail.com:password@api.backoffice.local:62364/events/41853001-0583-4a13-9348-b876fe1d577a : bad method - OPTIONS wanted [] []
[2022-03-24T21:11:44.597741+00:00] lbs.log.ERROR: GET http://alicia@gmail.com:password@api.backoffice.local:62364/events/41853001-0583-4a13-9348-b876fe1d577a : bad method - OPTIONS wanted [] []
[2022-03-24T21:12:01.323188+00:00] lbs.log.ERROR: GET http://alicia@gmail.com:password@api.backoffice.local:62364/events/41853001-0583-4a13-9348-b876fe1d577a : bad method - OPTIONS wanted [] []
[2022-03-24T21:12:21.946710+00:00] lbs.log.ERROR: GET http://alicia@gmail.com:password@api.backoffice.local:62364/events/id=41853001-0583-4a13-9348-b876fe1d577a : bad method - OPTIONS wanted [] []
[2022-03-24T21:12:35.452077+00:00] lbs.log.ERROR: GET http://alicia@gmail.com:password@api.backoffice.local:62364/events/id=41853001-0583-4a13-9348-b876fe1d577a : bad method - OPTIONS wanted [] []
[2022-03-24T21:13:12.377325+00:00] lbs.log.ERROR: GET http://alicia@gmail.com:password@api.backoffice.local:62364/events/id=41853001-0583-4a13-9348-b876fe1d577a : bad method - OPTIONS wanted [] []
[2022-03-24T21:13:35.009671+00:00] lbs.log.ERROR: GET http://alicia@gmail.com:password@api.backoffice.local:62364/events/id=41853001-0583-4a13-9348-b876fe1d577a : bad method - OPTIONS wanted [] []
[2022-03-24T21:13:58.206582+00:00] lbs.log.ERROR: GET http://alicia@gmail.com:password@api.backoffice.local:62364/events/id=41853001-0583-4a13-9348-b876fe1d577a : bad method - OPTIONS wanted [] []
[2022-03-24T21:14:10.866724+00:00] lbs.log.ERROR: GET http://alicia@gmail.com:password@api.backoffice.local:62364/events/41853001-0583-4a13-9348-b876fe1d577a : bad method - OPTIONS wanted [] []
[2022-03-24T21:43:37.136799+00:00] lbs.log.ERROR: error | 500 | Return value of reu\backoffice\app\controller\backofficeController::getEvent() must implement interface Psr\Http\Message\ResponseInterface, array returned | /var/www/src/app/controller/BackofficeController.phpline: 71 [] []
[2022-03-24T21:44:34.944305+00:00] lbs.log.ERROR: error | 500 | Return value of reu\backoffice\app\controller\backofficeController::getEvent() must implement interface Psr\Http\Message\ResponseInterface, array returned | /var/www/src/app/controller/BackofficeController.phpline: 71 [] []
[2022-03-24T22:18:58.761661+00:00] lbs.log.ERROR: GET http://api.backoffice.local:62364/favicon.ico : bad method - OPTIONS wanted [] []
[2022-03-24T23:12:38.835387+00:00] lbs.log.ERROR: GET http://api.backoffice.local:62364/favicon.ico : bad method - OPTIONS wanted [] []
[2022-03-25T12:00:10.564508+00:00] lbs.log.ERROR: POST http://alicia@gmail.com:password@api.backoffice.local:62364/events/a95144d2-1a31-458f-8665-35f571105664 : bad method - GET, DELETE, OPTIONS wanted [] []
[2022-03-25T13:38:03.773445+00:00] lbs.log.ERROR: GET http://alicia@gmail.com:password@api.backoffice.local:62364/participations : bad method - POST, OPTIONS wanted [] []
[2022-03-25T14:49:40.376872+00:00] lbs.log.ERROR: GET http://alicia@gmail.com:password@api.backoffice.local:62364/events/participations/a95144d2-1a31-458f-8665-35f571105664 : bad method - OPTIONS wanted [] []
[2022-03-25T14:50:10.205460+00:00] lbs.log.ERROR: GET http://alicia@gmail.com:password@api.backoffice.local:62364/events/participations/a95144d2-1a31-458f-8665-35f571105664 : bad method - OPTIONS wanted [] []
[2022-03-25T14:58:09.034441+00:00] lbs.log.ERROR: GET http://alicia@gmail.com:password@api.backoffice.local:62364/events/participations/a95144d2-1a31-458f-8665-35f571105664 : bad method - OPTIONS wanted [] []
[2022-03-26T19:13:05.588397+00:00] lbs.log.ERROR: GET http://alicia@gmail.com:password@api.backoffice.local:62364/users/31fd9fac19b0e13c01528246f92d4a9aa18869bbe5aa5581035be9ea3421ac9b0e5ce1d8/participations : bad method - OPTIONS wanted [] []
[2022-03-27T20:57:46.699382+00:00] lbs.log.ERROR: GET http://alicia@gmail.com:password@api.backoffice.local:62364/auth : bad method - POST, OPTIONS wanted [] []
[2022-03-28T07:27:24.119742+00:00] lbs.log.ERROR: GET http://api.backoffice.local:62364/members/b1a8f6c7-50af-4ca1-a9ef-b096c47a85c2/signedin : bad method - OPTIONS wanted [] []
[2022-03-28T07:29:30.510563+00:00] lbs.log.ERROR: GET http://api.backoffice.local:62364/members/b1a8f6c7-50af-4ca1-a9ef-b096c47a85c2/signedin : bad method - OPTIONS wanted [] []
[2022-03-28T08:11:47.110177+00:00] lbs.log.ERROR: POST http://lyza@gmail.com:password@api.backoffice.local:62364/searches : bad method - GET, OPTIONS wanted [] []
[2022-03-28T08:27:24.251497+00:00] lbs.log.ERROR: GET http://api.backoffice.local:62364/favicon.ico : bad method - OPTIONS wanted [] []
[2022-03-28T08:41:10.215656+00:00] lbs.log.ERROR: error | 500 | Argument 2 passed to Slim\Route::Slim\{closure}() must implement interface Psr\Http\Message\ResponseInterface, array given, called in /var/www/src/app/middleware/Middleware.php on line 64 | /var/www/src/vendor/slim/slim/Slim/MiddlewareAwareTrait.phpline: 68 [] []
[2022-03-28T08:50:59.528819+00:00] lbs.log.ERROR: GET http://api.backoffice.local:62364/searches/lyza : bad method - OPTIONS wanted [] []
[2022-03-28T08:52:26.606980+00:00] lbs.log.ERROR: GET http://api.backoffice.local:62364/searches/lyza : bad method - OPTIONS wanted [] []
[2022-03-28T08:53:37.713054+00:00] lbs.log.ERROR: GET http://api.backoffice.local:62364/searches/lyza : bad method - OPTIONS wanted [] []
[2022-03-28T08:54:12.447150+00:00] lbs.log.ERROR: GET http://api.backoffice.local:62364/searches/lyza : bad method - OPTIONS wanted [] []
[2022-03-28T09:29:29.646878+00:00] lbs.log.ERROR: GET http://api.backoffice.local:62364/searches/lyza@gmail.com : bad method - OPTIONS wanted [] []
[2022-03-28T10:08:43.392047+00:00] lbs.log.ERROR: GET http://api.backoffice.local:62364/searches/%5Bobject%20Object%5D : bad method - OPTIONS wanted [] []
[2022-03-28T12:38:19.555078+00:00] lbs.log.ERROR: POST http://api.backoffice.local:62364/users/b1a8f6c7-50af-4ca1-a9ef-b096c47a85c2/invitations/ : bad method - GET, OPTIONS wanted [] []
[2022-03-28T20:55:49.789911+00:00] lbs.log.ERROR: GET http://api.backoffice.local:62364/visiteurs/ : bad method - POST, OPTIONS wanted [] []
[2022-03-28T23:05:46.476047+00:00] lbs.log.ERROR: POST http://api.backoffice.local:62364/events/non_participations/a95144d2-1a31-458f-8665-35f571105664 : bad method - GET, OPTIONS wanted [] []
